Arguments: 
  /Users/mingderwang/.nvm/versions/node/v8.9.1/bin/node /Users/mingderwang/.yarn/bin/yarn.js dev

PATH: 
  /Users/mingderwang/.rvm/gems/ruby-2.3.1/bin:/Users/mingderwang/.rvm/gems/ruby-2.3.1@global/bin:/Users/mingderwang/.rvm/rubies/ruby-2.3.1/bin:/Users/mingderwang/.yarn/bin:/Users/mingderwang/.config/yarn/global/node_modules/.bin:/Users/mingderwang/miniconda2/bin:/Users/mingderwang/geth-darwin-amd64-1.7.3-4bb3c89d:/Users/mingderwang/google-cloud-sdk/bin:/opt/chefdk/bin:/Users/mingderwang/.chefdk/gem/ruby/2.4.0/bin:/opt/chefdk/embedded/bin:/Users/mingderwang/.nvm/versions/node/v8.9.1/bin:/Users/mingderwang/2018/pirl/git/pirl/build/bin:/usr/local/opt/ansible@2.0/bin:/Users/mingderwang/logstash-5.2.2/bin:./node_modules/.bin:/Users/mingderwang/src/redux/redux-cycles/example/node_modules/.bin:/Users/mingderwang/.cargo/bin:/usr/local/apache-maven-3.3.9/bin:/usr/local/s3cmd-1.6.1:/usr/local/topbeat-1.3.1-darwin:/Users/mingderwang/.cargo/bin:/usr/bin:/bin:/usr/sbin:/sbin:/usr/local/bin:/usr/local/go/bin:/Library/Frameworks/Mono.framework/Versions/Current/Commands:/opt/salt/bin:/usr/local/sbin:/Users/mingderwang/Library/Python/2.7/lib/python/site-packages:/Users/mingderwang/.rvm/bin://Users/mingderwang/godir/bin:/Users/mingderwang/src/keyCloak/keycloak-3.0.0.Final/bin:/Users/mingderwang/activator-dist-1.3.12/bin:/opt/chefdk/gitbin:/Users/mingderwang/2018/musicoin/go-musicoin/build/bin:/Users/mingderwang/.local/bin:/Users/mingderwang/2018/mist/go-ethereum/build/bin:/Users/mingderwang/go-ipfs:/Users/mingderwang/2018/musicoin/go-musicoin/build/bin

Yarn version: 
  1.5.1

Node version: 
  8.9.1

Platform: 
  darwin x64

npm manifest: 
  {
    "name": "ming-npm-demo-pkg-example",
    "version": "1.0.1",
    "main": "index.js",
    "license": "MIT",
    "scripts": {
      "dev": "node index.js"
    }
    "dependencies": {
      "ming-npm-demo-pkg": "^1.0.1"
    }
  }

yarn manifest: 
  No manifest

Lockfile: 
  # THIS IS AN AUTOGENERATED FILE. DO NOT EDIT THIS FILE DIRECTLY.
  # yarn lockfile v1
  
  
  ming-npm-demo-pkg@^1.0.0, ming-npm-demo-pkg@^1.0.1:
    version "1.0.1"
    resolved "https://registry.yarnpkg.com/ming-npm-demo-pkg/-/ming-npm-demo-pkg-1.0.1.tgz#e6c1261174f5b916d100342e4e1481b90fd86d7d"
    dependencies:
      ming-npm-demo-pkg "^1.0.0"

Trace: 
  SyntaxError: /Users/mingderwang/2018/npm/ming-npm-demo-pkg/example/package.json: Unexpected string in JSON at position 153
      at JSON.parse (<anonymous>)
      at /Users/mingderwang/.yarn/lib/cli.js:1036:59
      at Generator.next (<anonymous>)
      at step (/Users/mingderwang/.yarn/lib/cli.js:98:30)
      at /Users/mingderwang/.yarn/lib/cli.js:109:13
      at <anonymous>
